\BOOKMARK [1][-]{section.1}{\376\377\000I\000n\000t\000r\000o\000d\000u\000c\000t\000i\000o\000n}{}% 1
\BOOKMARK [1][-]{section.2}{\376\377\000T\000h\000r\000e\000e\000\040\000m\000o\000t\000i\000v\000a\000t\000i\000n\000g\000\040\000f\000a\000c\000t\000s}{}% 2
\BOOKMARK [1][-]{section.3}{\376\377\000M\000o\000d\000e\000l}{}% 3
\BOOKMARK [1][-]{section.4}{\376\377\000C\000h\000a\000r\000a\000c\000t\000e\000r\000i\000z\000a\000t\000i\000o\000n}{}% 4
\BOOKMARK [1][-]{section.5}{\376\377\000A\000n\000a\000l\000y\000t\000i\000c\000\040\000S\000o\000l\000u\000t\000i\000o\000n\000:\000\040\000L\000o\000g\000\040\000U\000t\000i\000l\000i\000t\000y\000\040\000C\000a\000s\000e}{}% 5
\BOOKMARK [2][-]{subsection.5.1}{\376\377\000B\000e\000l\000i\000e\000f\000s\000,\000\040\000a\000s\000s\000e\000t\000\040\000p\000r\000i\000c\000e\000s\000,\000\040\000a\000n\000d\000\040\000l\000a\000b\000o\000r\000\040\000d\000e\000m\000a\000n\000d}{section.5}% 6
\BOOKMARK [2][-]{subsection.5.2}{\376\377\000B\000e\000l\000i\000e\000f\000\040\000t\000a\000x\000o\000n\000o\000m\000y\000\040\000a\000n\000d\000\040\000b\000u\000s\000i\000n\000e\000s\000s\000-\000c\000y\000c\000l\000e\000\040\000p\000r\000o\000p\000e\000r\000t\000i\000e\000s}{section.5}% 7
\BOOKMARK [2][-]{subsection.5.3}{\376\377\000B\000e\000l\000i\000e\000f\000\040\000t\000a\000x\000o\000n\000o\000m\000y\000\040\000a\000n\000d\000\040\000t\000r\000a\000d\000i\000n\000g\000\040\000v\000o\000l\000u\000m\000e}{section.5}% 8
\BOOKMARK [3][-]{subsubsection.5.3.1}{\376\377\000A\000n\000a\000l\000y\000t\000i\000c\000a\000l\000\040\000c\000h\000a\000r\000a\000c\000t\000e\000r\000i\000z\000a\000t\000i\000o\000n\000\040\000o\000f\000\040\000t\000u\000r\000n\000o\000v\000e\000r}{subsection.5.3}% 9
\BOOKMARK [3][-]{subsubsection.5.3.2}{\376\377\000E\000m\000p\000i\000r\000i\000c\000a\000l\000\040\000e\000v\000i\000d\000e\000n\000c\000e}{subsection.5.3}% 10
\BOOKMARK [1][-]{section.6}{\376\377\000Q\000u\000a\000n\000t\000i\000t\000a\000t\000i\000v\000e\000\040\000a\000n\000a\000l\000y\000s\000i\000s}{}% 11
\BOOKMARK [2][-]{subsection.6.1}{\376\377\000B\000i\000a\000s\000e\000s\000\040\000i\000n\000\040\000p\000r\000o\000d\000u\000c\000t\000i\000v\000i\000t\000y\000\040\000g\000r\000o\000w\000t\000h\000\040\000e\000x\000p\000e\000c\000t\000a\000t\000i\000o\000n\000s}{section.6}% 12
\BOOKMARK [2][-]{subsection.6.2}{\376\377\000U\000n\000c\000o\000n\000d\000i\000t\000i\000o\000n\000a\000l\000\040\000m\000o\000m\000e\000n\000t\000s}{section.6}% 13
\BOOKMARK [2][-]{subsection.6.3}{\376\377\000E\000x\000c\000e\000s\000s\000\040\000v\000o\000l\000a\000t\000i\000l\000i\000t\000y\000\040\000a\000n\000d\000\040\000r\000e\000t\000u\000r\000n\000\040\000p\000r\000e\000d\000i\000c\000t\000a\000b\000i\000l\000i\000t\000y}{section.6}% 14
\BOOKMARK [1][-]{section.7}{\376\377\000C\000o\000n\000c\000l\000u\000s\000i\000o\000n}{}% 15
\BOOKMARK [1][-]{appendix.A}{\376\377\000P\000r\000o\000o\000f\000s}{}% 16
\BOOKMARK [2][-]{subsection.A.1}{\376\377\000D\000e\000r\000i\000v\000a\000t\000i\000o\000n\000\040\000o\000f\000\040\000t\000h\000e\000\040\000i\000n\000v\000e\000s\000t\000o\000r\000'\000s\000\040\000m\000o\000d\000i\000f\000i\000e\000d\000\040\000p\000r\000o\000b\000l\000e\000m}{appendix.A}% 17
\BOOKMARK [2][-]{subsection.A.2}{\376\377\000P\000r\000o\000o\000f\000\040\000o\000f\000\040\000L\000e\000m\000m\000a\000\040\0002}{appendix.A}% 18
\BOOKMARK [2][-]{subsection.A.3}{\376\377\000P\000r\000o\000o\000f\000\040\000o\000f\000\040\000L\000e\000m\000m\000a\000\040\0003}{appendix.A}% 19
\BOOKMARK [2][-]{subsection.A.4}{\376\377\000P\000r\000o\000o\000f\000\040\000o\000f\000\040\000P\000r\000o\000p\000o\000s\000i\000t\000i\000o\000n\000\040\0001}{appendix.A}% 20
\BOOKMARK [2][-]{subsection.A.5}{\376\377\000P\000r\000o\000o\000f\000\040\000o\000f\000\040\000P\000r\000o\000p\000o\000s\000i\000t\000i\000o\000n\000\040\0002}{appendix.A}% 21
\BOOKMARK [2][-]{subsection.A.6}{\376\377\000P\000r\000o\000o\000f\000\040\000o\000f\000\040\000P\000r\000o\000p\000o\000s\000i\000t\000i\000o\000n\000\040\0003\000\040\000a\000n\000d\000\040\000C\000o\000r\000o\000l\000l\000a\000r\000y\000\040\0001}{appendix.A}% 22
\BOOKMARK [2][-]{subsection.A.7}{\376\377\000P\000r\000o\000o\000f\000\040\000o\000f\000\040\000P\000r\000o\000p\000o\000s\000i\000t\000i\000o\000n\000\040\0004}{appendix.A}% 23
\BOOKMARK [2][-]{subsection.A.8}{\376\377\000P\000r\000o\000o\000f\000\040\000o\000f\000\040\000P\000r\000o\000p\000o\000s\000i\000t\000i\000o\000n\000\040\0005}{appendix.A}% 24
\BOOKMARK [2][-]{subsection.A.9}{\376\377\000P\000r\000o\000o\000f\000\040\000o\000f\000\040\000C\000o\000r\000o\000l\000l\000a\000r\000y\000\040\0002}{appendix.A}% 25
\BOOKMARK [2][-]{subsection.A.10}{\376\377\000P\000r\000o\000o\000f\000\040\000o\000f\000\040\000L\000e\000m\000m\000a\000\040\0001}{appendix.A}% 26
\BOOKMARK [2][-]{subsection.A.11}{\376\377\000P\000r\000o\000o\000f\000\040\000o\000f\000\040\000P\000r\000o\000p\000o\000s\000i\000t\000i\000o\000n\000\040\0006}{appendix.A}% 27
\BOOKMARK [1][-]{appendix.B}{\376\377\000D\000a\000t\000a\000\040\000A\000p\000p\000e\000n\000d\000i\000x}{}% 28
\BOOKMARK [2][-]{subsection.B.1}{\376\377\000T\000u\000r\000n\000o\000v\000e\000r\040\023\000D\000i\000s\000a\000g\000r\000e\000e\000m\000e\000n\000t\000\040\000A\000n\000a\000l\000y\000s\000i\000s\000\040\000\050\000I\000B\000E\000S\000\040\000+\000\040\000C\000R\000S\000P\000\051}{appendix.B}% 29
\BOOKMARK [2][-]{subsection.B.2}{\376\377\000P\000r\000o\000d\000u\000c\000t\000i\000v\000i\000t\000y\000-\000G\000r\000o\000w\000t\000h\000\040\000C\000o\000i\000b\000i\000o\000n\040\023\000G\000o\000r\000o\000d\000n\000i\000c\000h\000e\000n\000k\000o\000\040\000R\000e\000g\000r\000e\000s\000s\000i\000o\000n\000s\000\040\000\050\000S\000P\000F\000\051}{appendix.B}% 30
\BOOKMARK [1][-]{appendix.C}{\376\377\000H\000a\000n\000d\000-\000t\000o\000-\000M\000o\000u\000t\000h\000\040\000W\000o\000r\000k\000e\000r\000s}{}% 31
\BOOKMARK [1][-]{appendix.A}{\376\377\000N\000u\000m\000e\000r\000i\000c\000a\000l\000\040\000s\000o\000l\000u\000t\000i\000o\000n\000\040\000o\000f\000\040\000t\000h\000e\000\040\000q\000u\000a\000n\000t\000i\000t\000a\000t\000i\000v\000e\000\040\000m\000o\000d\000e\000l}{}% 32
\BOOKMARK [2][-]{subsection.A.1}{\376\377\000E\000q\000u\000i\000l\000i\000b\000r\000i\000u\000m\000\040\000c\000o\000n\000d\000i\000t\000i\000o\000n\000s}{appendix.A}% 33
\BOOKMARK [2][-]{subsection.A.2}{\376\377\000C\000R\000R\000A\000\040\000p\000r\000e\000f\000e\000r\000e\000n\000c\000e\000s}{appendix.A}% 34
\BOOKMARK [2][-]{subsection.A.3}{\376\377\000S\000u\000m\000m\000a\000r\000y\000\040\000o\000f\000\040\000e\000q\000u\000i\000l\000i\000b\000r\000i\000u\000m\000\040\000c\000o\000n\000d\000i\000t\000i\000o\000n\000s}{appendix.A}% 35
\BOOKMARK [2][-]{subsection.A.4}{\376\377\000L\000o\000g\000\040\000u\000t\000i\000l\000i\000t\000y}{appendix.A}% 36
\BOOKMARK [1][-]{appendix.B}{\376\377\000C\000a\000l\000i\000b\000r\000a\000t\000i\000o\000n}{}% 37
\BOOKMARK [1][-]{appendix.C}{\376\377\000S\000u\000b\000j\000e\000c\000t\000i\000v\000e\000\040\000C\000a\000m\000p\000b\000e\000l\000l\000-\000S\000h\000i\000l\000l\000e\000r\000\040\000d\000e\000c\000o\000m\000p\000o\000s\000i\000t\000i\000o\000n}{}% 38
